{"logTime": "1121/082832", "correlationVector":"obmnGFlQAH8AGLWf6e2DKs.1","action":"SyncServerConnectionManagerRequest", "result":"SYNC_SERVER_OK", "context":{"environment":"Prod_NorthEurope_000h", "migrationStage":"NotStarted", "server":"GENERAL01000014"}}
{"logTime": "1121/082833", "correlationVector":"7FkV+boVXlmp3zcqVD1JUc","action":"SyncServerConnectionManagerRequest", "result":"SYNC_SERVER_OK", "context":{"environment":"", "migrationStage":"", "server":""}}
{"logTime": "1121/082833", "correlationVector":"obmnGFlQAH8AGLWf6e2DKs","action":"Initial GetUpdates", "result":"", "context":Reason: NEW_CLIENT. cV=obmnGFlQAH8AGLWf6e2DKs}
{"logTime": "1121/082833", "correlationVector":"obmnGFlQAH8AGLWf6e2DKs.2","action":"GetUpdates Response", "result":"Success", "context":Received 1 update(s). cV=obmnGFlQAH8AGLWf6e2DKs.0;server=GENERAL01000014;cloudType=Consumer;environment=Prod_NorthEurope_000h;migrationStage=NotStarted}
{"logTime": "1121/082833", "correlationVector":"kTYiwGT+2GNIF0DktaaLr3","action":"Initial GetUpdates", "result":"", "context":Reason: NEWLY_SUPPORTED_DATATYPE. cV=kTYiwGT+2GNIF0DktaaLr3}
{"logTime": "1121/082834", "correlationVector":"kTYiwGT+2GNIF0DktaaLr3.1","action":"SyncServerConnectionManagerRequest", "result":"SYNC_SERVER_OK", "context":{"environment":"Prod_NorthEurope_000h", "migrationStage":"NotStarted", "server":"GENERAL0100001X"}}
{"logTime": "1121/082834", "correlationVector":"kTYiwGT+2GNIF0DktaaLr3.2","action":"GetUpdates Response", "result":"Success", "context":Received 119 update(s). cV=kTYiwGT+2GNIF0DktaaLr3.0;server=GENERAL0100001X;cloudType=Consumer;environment=Prod_NorthEurope_000h;migrationStage=NotStarted}
{"logTime": "1121/082834", "correlationVector":"i4/0wD7EfCvmX8OcGrbdbn","action":"Initial GetUpdates", "result":"", "context":Reason: NEWLY_SUPPORTED_DATATYPE. cV=i4/0wD7EfCvmX8OcGrbdbn}
{"logTime": "1121/082835", "correlationVector":"i4/0wD7EfCvmX8OcGrbdbn.1","action":"SyncServerConnectionManagerRequest", "result":"SYNC_SERVER_OK", "context":{"environment":"Prod_WestEurope_x00e", "migrationStage":"NotStarted", "server":"GENERAL02000030"}}
{"logTime": "1121/082835", "correlationVector":"i4/0wD7EfCvmX8OcGrbdbn.2","action":"GetUpdates Response", "result":"Success", "context":Received 61 update(s). cV=i4/0wD7EfCvmX8OcGrbdbn.0;server=GENERAL02000030;cloudType=Consumer;environment=Prod_WestEurope_x00e;migrationStage=NotStarted}
{"logTime": "1121/082835", "correlationVector":"SUeMWj0slHFQ2CAUxD54Yc","action":"Initial GetUpdates", "result":"", "context":Reason: NEWLY_SUPPORTED_DATATYPE. cV=SUeMWj0slHFQ2CAUxD54Yc}
{"logTime": "1121/082836", "correlationVector":"SUeMWj0slHFQ2CAUxD54Yc.1","action":"SyncServerConnectionManagerRequest", "result":"SYNC_SERVER_OK", "context":{"environment":"Prod_WestEurope_000l", "migrationStage":"NotStarted", "server":"GENERAL01000001"}}
{"logTime": "1121/082836", "correlationVector":"SUeMWj0slHFQ2CAUxD54Yc.2","action":"GetUpdates", "result":"DeleteReceived", "context":{"id":"25a4c336-ff59-4632-a8f6-b3b43b29f104", "isDeleted:":"true", "version":"1727984976803"}}
{"logTime": "1121/082836", "correlationVector":"SUeMWj0slHFQ2CAUxD54Yc.3","action":"GetUpdates", "result":"DeleteReceived", "context":{"id":"01e7da47-53d5-40b9-a292-732628fe60a6", "isDeleted:":"true", "version":"1724442314637"}}
{"logTime": "1121/082836", "correlationVector":"SUeMWj0slHFQ2CAUxD54Yc.4","action":"GetUpdates", "result":"DeleteReceived", "context":{"id":"d5a05ba5-ad16-43fc-8bdb-5995fee7549f", "isDeleted:":"true", "version":"1724442314639"}}
{"logTime": "1121/082836", "correlationVector":"SUeMWj0slHFQ2CAUxD54Yc.5","action":"GetUpdates", "result":"DeleteReceived", "context":{"id":"6c471b19-8090-4577-acf5-ec1f9a9644f9", "isDeleted:":"true", "version":"1724442314640"}}
{"logTime": "1121/082836", "correlationVector":"SUeMWj0slHFQ2CAUxD54Yc.6","action":"GetUpdates", "result":"DeleteReceived", "context":{"id":"e26807bd-8494-4f0c-9b7f-e0ae23bfd1b5", "isDeleted:":"true", "version":"1724442314641"}}
{"logTime": "1121/082836", "correlationVector":"SUeMWj0slHFQ2CAUxD54Yc.7","action":"GetUpdates", "result":"DeleteReceived", "context":{"id":"a37baf47-5c0e-4a65-8b65-06dd331d3244", "isDeleted:":"true", "version":"1724442314642"}}
{"logTime": "1121/082836", "correlationVector":"SUeMWj0slHFQ2CAUxD54Yc.8","action":"GetUpdates", "result":"DeleteReceived", "context":{"id":"d68a46c4-6301-4cc9-a7f1-7574149af752", "isDeleted:":"true", "version":"1724442314643"}}
{"logTime": "1121/082836", "correlationVector":"SUeMWj0slHFQ2CAUxD54Yc.9","action":"GetUpdates", "result":"DeleteReceived", "context":{"id":"a550737d-50a2-447e-a493-728a3d6e3eb5", "isDeleted:":"true", "version":"1724442314644"}}
{"logTime": "1121/082836", "correlationVector":"SUeMWj0slHFQ2CAUxD54Yc.10","action":"GetUpdates", "result":"DeleteReceived", "context":{"id":"59816aa5-206a-4706-946a-123f6b420ba9", "isDeleted:":"true", "version":"1724442314645"}}
{"logTime": "1121/082836", "correlationVector":"SUeMWj0slHFQ2CAUxD54Yc.11","action":"GetUpdates", "result":"DeleteReceived", "context":{"id":"4808d03c-594c-4174-81ee-d71dfe994aad", "isDeleted:":"true", "version":"1724685573349"}}
{"logTime": "1121/082836", "correlationVector":"SUeMWj0slHFQ2CAUxD54Yc.12","action":"GetUpdates", "result":"DeleteReceived", "context":{"id":"177e7671-1e53-42e9-aba8-ea2b69436bab", "isDeleted:":"true", "version":"1724685573351"}}
{"logTime": "1121/082836", "correlationVector":"SUeMWj0slHFQ2CAUxD54Yc.13","action":"GetUpdates", "result":"DeleteReceived", "context":{"id":"16f6ac2b-908d-4460-bfa9-9745f2d6252b", "isDeleted:":"true", "version":"1724685573352"}}
{"logTime": "1121/082836", "correlationVector":"SUeMWj0slHFQ2CAUxD54Yc.14","action":"GetUpdates", "result":"DeleteReceived", "context":{"id":"477167b7-2517-4ac1-9e24-1cd797fec885", "isDeleted:":"true", "version":"1724685573353"}}
{"logTime": "1121/082836", "correlationVector":"SUeMWj0slHFQ2CAUxD54Yc.15","action":"GetUpdates", "result":"DeleteReceived", "context":{"id":"b12a7617-2f15-4e47-a985-0dc2fbbf7d3b", "isDeleted:":"true", "version":"1724685573354"}}
{"logTime": "1121/082836", "correlationVector":"SUeMWj0slHFQ2CAUxD54Yc.16","action":"GetUpdates", "result":"DeleteReceived", "context":{"id":"b93723e3-11ff-4f1c-9f0d-43b408865b8d", "isDeleted:":"true", "version":"1724685573355"}}
{"logTime": "1121/082836", "correlationVector":"SUeMWj0slHFQ2CAUxD54Yc.17","action":"GetUpdates", "result":"DeleteReceived", "context":{"id":"097f89b3-364f-48a5-ad9c-fdbb397b2d8f", "isDeleted:":"true", "version":"1724685573357"}}
{"logTime": "1121/082836", "correlationVector":"SUeMWj0slHFQ2CAUxD54Yc.18","action":"GetUpdates", "result":"DeleteReceived", "context":{"id":"7ecfbb83-f430-41b0-aae6-26727e5d4bd6", "isDeleted:":"true", "version":"1725278720788"}}
{"logTime": "1121/082836", "correlationVector":"SUeMWj0slHFQ2CAUxD54Yc.19","action":"GetUpdates", "result":"DeleteReceived", "context":{"id":"6097d165-dfae-49b1-860c-448c3f2977ee", "isDeleted:":"true", "version":"1725386551159"}}
{"logTime": "1121/082836", "correlationVector":"SUeMWj0slHFQ2CAUxD54Yc.20","action":"GetUpdates", "result":"DeleteReceived", "context":{"id":"60d47070-4db7-448d-9972-6f4a51144c9b", "isDeleted:":"true", "version":"1726689892811"}}
{"logTime": "1121/082836", "correlationVector":"SUeMWj0slHFQ2CAUxD54Yc.21","action":"GetUpdates", "result":"DeleteReceived", "context":{"id":"a886a663-28bd-44f1-9b9d-57ab1cff5402", "isDeleted:":"true", "version":"1726689892812"}}
{"logTime": "1121/082836", "correlationVector":"SUeMWj0slHFQ2CAUxD54Yc.22","action":"GetUpdates", "result":"DeleteReceived", "context":{"id":"e64e7487-bb1f-4017-b788-5b929c103549", "isDeleted:":"true", "version":"1726950535335"}}
{"logTime": "1121/082836", "correlationVector":"SUeMWj0slHFQ2CAUxD54Yc.23","action":"GetUpdates", "result":"DeleteReceived", "context":{"id":"5da50d91-dd9c-432c-94ed-9e565711b295", "isDeleted:":"true", "version":"1726950535336"}}
{"logTime": "1121/082836", "correlationVector":"SUeMWj0slHFQ2CAUxD54Yc.24","action":"GetUpdates", "result":"DeleteReceived", "context":{"id":"784dc9d9-b740-4eba-9495-b5c15c7d489f", "isDeleted:":"true", "version":"1726950535337"}}
{"logTime": "1121/082836", "correlationVector":"SUeMWj0slHFQ2CAUxD54Yc.25","action":"GetUpdates", "result":"DeleteReceived", "context":{"id":"d9b040a6-ae7c-4386-9f53-cd500bc4576c", "isDeleted:":"true", "version":"1727415811363"}}
{"logTime": "1121/082836", "correlationVector":"SUeMWj0slHFQ2CAUxD54Yc.26","action":"GetUpdates", "result":"DeleteReceived", "context":{"id":"c6dfdd77-ad3c-4219-b740-9fddee75f47a", "isDeleted:":"true", "version":"1727415811365"}}
{"logTime": "1121/082836", "correlationVector":"SUeMWj0slHFQ2CAUxD54Yc.27","action":"GetUpdates", "result":"DeleteReceived", "context":{"id":"681e1a5a-b4bc-4b09-84c8-f04609ffc709", "isDeleted:":"true", "version":"1727415811366"}}
{"logTime": "1121/082836", "correlationVector":"SUeMWj0slHFQ2CAUxD54Yc.28","action":"GetUpdates", "result":"DeleteReceived", "context":{"id":"379c811f-8f9e-43c1-96d5-1253df25b68b", "isDeleted:":"true", "version":"1727415811367"}}
{"logTime": "1121/082836", "correlationVector":"SUeMWj0slHFQ2CAUxD54Yc.29","action":"GetUpdates", "result":"DeleteReceived", "context":{"id":"a2aa5f15-6386-476e-9739-244f96134d5a", "isDeleted:":"true", "version":"1727415811368"}}
{"logTime": "1121/082836", "correlationVector":"SUeMWj0slHFQ2CAUxD54Yc.30","action":"GetUpdates", "result":"DeleteReceived", "context":{"id":"79d384fa-a10d-488c-a86e-a6dcc427d2aa", "isDeleted:":"true", "version":"1727415811369"}}
{"logTime": "1121/082836", "correlationVector":"SUeMWj0slHFQ2CAUxD54Yc.31","action":"GetUpdates", "result":"DeleteReceived", "context":{"id":"51e4be58-a530-40ea-8d0f-49c3515658c7", "isDeleted:":"true", "version":"1727415811370"}}
{"logTime": "1121/082836", "correlationVector":"SUeMWj0slHFQ2CAUxD54Yc.32","action":"GetUpdates", "result":"DeleteReceived", "context":{"id":"78f1f6ad-cafb-4786-a440-33fc52ebc282", "isDeleted:":"true", "version":"1727415811371"}}
{"logTime": "1121/082836", "correlationVector":"SUeMWj0slHFQ2CAUxD54Yc.33","action":"GetUpdates", "result":"DeleteReceived", "context":{"id":"e9b39564-1684-41de-b47f-1bcb15107a6a", "isDeleted:":"true", "version":"1727415811372"}}
{"logTime": "1121/082836", "correlationVector":"SUeMWj0slHFQ2CAUxD54Yc.34","action":"GetUpdates", "result":"DeleteReceived", "context":{"id":"efcc0430-c4fa-414c-ab99-2a4d0fc4b805", "isDeleted:":"true", "version":"1727415811373"}}
{"logTime": "1121/082836", "correlationVector":"SUeMWj0slHFQ2CAUxD54Yc.35","action":"GetUpdates", "result":"DeleteReceived", "context":{"id":"d0d24e1b-4499-4776-9815-5eab10c73c13", "isDeleted:":"true", "version":"1727415811374"}}
{"logTime": "1121/082836", "correlationVector":"SUeMWj0slHFQ2CAUxD54Yc.36","action":"GetUpdates", "result":"DeleteReceived", "context":{"id":"66118a2c-f927-42aa-8916-bc5cb0c12abe", "isDeleted:":"true", "version":"1727437849457"}}
{"logTime": "1121/082836", "correlationVector":"SUeMWj0slHFQ2CAUxD54Yc.37","action":"GetUpdates", "result":"DeleteReceived", "context":{"id":"fad7c78d-af19-4cce-959a-3444fedc9007", "isDeleted:":"true", "version":"1727630307155"}}
{"logTime": "1121/082836", "correlationVector":"SUeMWj0slHFQ2CAUxD54Yc.38","action":"GetUpdates", "result":"DeleteReceived", "context":{"id":"1aa1b857-a8d3-45e3-9c1f-58bedbc69ad2", "isDeleted:":"true", "version":"1727630307156"}}
{"logTime": "1121/082836", "correlationVector":"SUeMWj0slHFQ2CAUxD54Yc.39","action":"GetUpdates", "result":"DeleteReceived", "context":{"id":"6337b74d-1b19-4bb5-9230-b521b9b05e4e", "isDeleted:":"true", "version":"1727630307157"}}
{"logTime": "1121/082836", "correlationVector":"SUeMWj0slHFQ2CAUxD54Yc.40","action":"GetUpdates", "result":"DeleteReceived", "context":{"id":"5fe6f76c-c13c-42bc-9f16-eef8dc1579d1", "isDeleted:":"true", "version":"1727630307159"}}
{"logTime": "1121/082836", "correlationVector":"SUeMWj0slHFQ2CAUxD54Yc.41","action":"GetUpdates", "result":"DeleteReceived", "context":{"id":"55a9b934-f48f-4edc-86d1-cec5995ed57a", "isDeleted:":"true", "version":"1727677449986"}}
{"logTime": "1121/082836", "correlationVector":"SUeMWj0slHFQ2CAUxD54Yc.42","action":"GetUpdates", "result":"DeleteReceived", "context":{"id":"78c68739-3877-421e-8859-25091ab1c9a7", "isDeleted:":"true", "version":"1727677449988"}}
{"logTime": "1121/082836", "correlationVector":"SUeMWj0slHFQ2CAUxD54Yc.43","action":"GetUpdates", "result":"DeleteReceived", "context":{"id":"80f663e4-3243-4245-936d-2d91aac89b5f", "isDeleted:":"true", "version":"1727677449989"}}
{"logTime": "1121/082836", "correlationVector":"SUeMWj0slHFQ2CAUxD54Yc.44","action":"GetUpdates", "result":"DeleteReceived", "context":{"id":"345524b5-4618-4cb5-91d8-9bc2526227df", "isDeleted:":"true", "version":"1727677449990"}}
{"logTime": "1121/082836", "correlationVector":"SUeMWj0slHFQ2CAUxD54Yc.45","action":"GetUpdates", "result":"DeleteReceived", "context":{"id":"e13fd7c9-ce54-41d6-a44c-dccf9ab06b3b", "isDeleted:":"true", "version":"1727677449991"}}
{"logTime": "1121/082836", "correlationVector":"SUeMWj0slHFQ2CAUxD54Yc.46","action":"GetUpdates", "result":"DeleteReceived", "context":{"id":"9e507480-90f7-4bc3-baae-45427996856d", "isDeleted:":"true", "version":"1727677449992"}}
{"logTime": "1121/082836", "correlationVector":"SUeMWj0slHFQ2CAUxD54Yc.47","action":"GetUpdates", "result":"DeleteReceived", "context":{"id":"3e893779-f399-4ebc-9ffb-826e80980b5c", "isDeleted:":"true", "version":"1727677449993"}}
{"logTime": "1121/082836", "correlationVector":"SUeMWj0slHFQ2CAUxD54Yc.48","action":"GetUpdates", "result":"DeleteReceived", "context":{"id":"7ec93155-ac8b-484c-8dea-81b64e2a00ab", "isDeleted:":"true", "version":"1727677449994"}}
{"logTime": "1121/082836", "correlationVector":"SUeMWj0slHFQ2CAUxD54Yc.49","action":"GetUpdates", "result":"DeleteReceived", "context":{"id":"d5d459c8-7287-4c4f-a75f-fe342b2b6121", "isDeleted:":"true", "version":"1727677449996"}}
{"logTime": "1121/082836", "correlationVector":"SUeMWj0slHFQ2CAUxD54Yc.50","action":"GetUpdates", "result":"DeleteReceived", "context":{"id":"18ab323c-9c5b-4b22-bb95-4c9aeb1666ce", "isDeleted:":"true", "version":"1727677449997"}}
{"logTime": "1121/082836", "correlationVector":"SUeMWj0slHFQ2CAUxD54Yc.51","action":"GetUpdates", "result":"DeleteReceived", "context":{"id":"90a5b258-9b80-4484-9fff-0b456177b815", "isDeleted:":"true", "version":"1727677455849"}}
{"logTime": "1121/082836", "correlationVector":"SUeMWj0slHFQ2CAUxD54Yc.52","action":"GetUpdates", "result":"DeleteReceived", "context":{"id":"f9176707-0ab9-48fe-b9ba-fca084e00f42", "isDeleted:":"true", "version":"1727775713838"}}
{"logTime": "1121/082836", "correlationVector":"SUeMWj0slHFQ2CAUxD54Yc.53","action":"GetUpdates", "result":"DeleteReceived", "context":{"id":"c9226970-30a8-4cf0-ae62-691861dce2ea", "isDeleted:":"true", "version":"1727940454471"}}
{"logTime": "1121/082836", "correlationVector":"SUeMWj0slHFQ2CAUxD54Yc.54","action":"GetUpdates", "result":"DeleteReceived", "context":{"id":"ad638967-7efa-4e95-a747-5c88bd10a44c", "isDeleted:":"true", "version":"1727967032088"}}
{"logTime": "1121/082836", "correlationVector":"SUeMWj0slHFQ2CAUxD54Yc.55","action":"GetUpdates", "result":"DeleteReceived", "context":{"id":"b93a48a0-3ad4-4f3c-b9de-b7a6857880df", "isDeleted:":"true", "version":"1727967032090"}}
{"logTime": "1121/082836", "correlationVector":"SUeMWj0slHFQ2CAUxD54Yc.56","action":"GetUpdates", "result":"DeleteReceived", "context":{"id":"b2ee4e0c-f0ba-47f1-913f-0585a5b7b9d8", "isDeleted:":"true", "version":"1727967032091"}}
{"logTime": "1121/082836", "correlationVector":"SUeMWj0slHFQ2CAUxD54Yc.57","action":"GetUpdates", "result":"DeleteReceived", "context":{"id":"20e03144-f656-4832-891a-030a1806b933", "isDeleted:":"true", "version":"1727967032092"}}
{"logTime": "1121/082836", "correlationVector":"SUeMWj0slHFQ2CAUxD54Yc.58","action":"GetUpdates", "result":"DeleteReceived", "context":{"id":"09145f35-a6fd-4bcd-b1a6-66cec753a23a", "isDeleted:":"true", "version":"1727967032093"}}
{"logTime": "1121/082836", "correlationVector":"SUeMWj0slHFQ2CAUxD54Yc.59","action":"GetUpdates", "result":"DeleteReceived", "context":{"id":"4a6f51bd-1f7f-4158-8ab5-245f2ac28884", "isDeleted:":"true", "version":"1727967032094"}}
{"logTime": "1121/082836", "correlationVector":"SUeMWj0slHFQ2CAUxD54Yc.60","action":"GetUpdates", "result":"DeleteReceived", "context":{"id":"84e34e32-0c96-4246-b4ae-481ca96a5bdf", "isDeleted:":"true", "version":"1727967032095"}}
{"logTime": "1121/082836", "correlationVector":"SUeMWj0slHFQ2CAUxD54Yc.61","action":"GetUpdates", "result":"DeleteReceived", "context":{"id":"17553299-c80c-4148-b0fa-d265761be3d3", "isDeleted:":"true", "version":"1727967032096"}}
{"logTime": "1121/082836", "correlationVector":"SUeMWj0slHFQ2CAUxD54Yc.62","action":"GetUpdates", "result":"DeleteReceived", "context":{"id":"a72df552-3fc1-4c7b-b3d4-af55a4b74280", "isDeleted:":"true", "version":"1727967032097"}}
{"logTime": "1121/082836", "correlationVector":"SUeMWj0slHFQ2CAUxD54Yc.63","action":"GetUpdates", "result":"DeleteReceived", "context":{"id":"01f75204-9b92-4636-9b98-4713212245ac", "isDeleted:":"true", "version":"1727967032098"}}
{"logTime": "1121/082836", "correlationVector":"SUeMWj0slHFQ2CAUxD54Yc.64","action":"GetUpdates", "result":"DeleteReceived", "context":{"id":"59149a11-af98-48b6-8211-4aa84b572418", "isDeleted:":"true", "version":"1727973417165"}}
{"logTime": "1121/082836", "correlationVector":"SUeMWj0slHFQ2CAUxD54Yc.65","action":"GetUpdates", "result":"DeleteReceived", "context":{"id":"fdacfc3d-bb99-4a4e-b695-751964ac363b", "isDeleted:":"true", "version":"1728026093558"}}
{"logTime": "1121/082836", "correlationVector":"SUeMWj0slHFQ2CAUxD54Yc.66","action":"GetUpdates", "result":"DeleteReceived", "context":{"id":"0346c5af-53a1-4427-a93f-2e497b1762bf", "isDeleted:":"true", "version":"1728026093560"}}
{"logTime": "1121/082836", "correlationVector":"SUeMWj0slHFQ2CAUxD54Yc.67","action":"GetUpdates", "result":"DeleteReceived", "context":{"id":"e4a2236a-3bdd-4e29-b8d4-3c55f82a8020", "isDeleted:":"true", "version":"1728026093561"}}
{"logTime": "1121/082836", "correlationVector":"SUeMWj0slHFQ2CAUxD54Yc.68","action":"GetUpdates", "result":"DeleteReceived", "context":{"id":"159ed1fe-3171-4d04-8a47-e51e6230d207", "isDeleted:":"true", "version":"1728026093562"}}
{"logTime": "1121/082836", "correlationVector":"SUeMWj0slHFQ2CAUxD54Yc.69","action":"GetUpdates", "result":"DeleteReceived", "context":{"id":"e049ea06-02fc-4a8b-8d2f-6ce3a31a0b75", "isDeleted:":"true", "version":"1728026093563"}}
{"logTime": "1121/082836", "correlationVector":"SUeMWj0slHFQ2CAUxD54Yc.70","action":"GetUpdates", "result":"DeleteReceived", "context":{"id":"69be6d3c-d351-4996-8faa-19044faf1844", "isDeleted:":"true", "version":"1728026093564"}}
{"logTime": "1121/082836", "correlationVector":"SUeMWj0slHFQ2CAUxD54Yc.71","action":"GetUpdates", "result":"DeleteReceived", "context":{"id":"9397610b-5ab0-4402-8a2e-d619f43e493d", "isDeleted:":"true", "version":"1728026093565"}}
{"logTime": "1121/082836", "correlationVector":"SUeMWj0slHFQ2CAUxD54Yc.72","action":"GetUpdates", "result":"DeleteReceived", "context":{"id":"f81f8f1f-6299-4297-8434-c0397e054695", "isDeleted:":"true", "version":"1728026093566"}}
{"logTime": "1121/082836", "correlationVector":"SUeMWj0slHFQ2CAUxD54Yc.73","action":"GetUpdates", "result":"DeleteReceived", "context":{"id":"5fd68af6-300f-48d3-b35d-375aca0b4aca", "isDeleted:":"true", "version":"1728026093567"}}
{"logTime": "1121/082836", "correlationVector":"SUeMWj0slHFQ2CAUxD54Yc.74","action":"GetUpdates", "result":"DeleteReceived", "context":{"id":"4568df3b-d951-47c0-8ce6-89102cdd2642", "isDeleted:":"true", "version":"1728026093568"}}
{"logTime": "1121/082836", "correlationVector":"SUeMWj0slHFQ2CAUxD54Yc.75","action":"GetUpdates", "result":"DeleteReceived", "context":{"id":"82a55da4-b542-4afb-899a-644bf2d3a7a7", "isDeleted:":"true", "version":"1728026093570"}}
{"logTime": "1121/082836", "correlationVector":"SUeMWj0slHFQ2CAUxD54Yc.76","action":"GetUpdates", "result":"DeleteReceived", "context":{"id":"099d8cb4-dae8-498b-b929-267e4f0f633b", "isDeleted:":"true", "version":"1728026093571"}}
{"logTime": "1121/082836", "correlationVector":"SUeMWj0slHFQ2CAUxD54Yc.77","action":"GetUpdates", "result":"DeleteReceived", "context":{"id":"04e0c58b-fe01-40e6-90b7-443881f5614e", "isDeleted:":"true", "version":"1728026093572"}}
{"logTime": "1121/082836", "correlationVector":"SUeMWj0slHFQ2CAUxD54Yc.78","action":"GetUpdates", "result":"DeleteReceived", "context":{"id":"11e715ca-911f-4119-9543-4f05e5903577", "isDeleted:":"true", "version":"1728028996528"}}
{"logTime": "1121/082836", "correlationVector":"SUeMWj0slHFQ2CAUxD54Yc.79","action":"GetUpdates", "result":"DeleteReceived", "context":{"id":"3d4e44cc-f3c6-4a4a-abdd-8438f778d46d", "isDeleted:":"true", "version":"1728061800053"}}
{"logTime": "1121/082836", "correlationVector":"SUeMWj0slHFQ2CAUxD54Yc.80","action":"GetUpdates", "result":"DeleteReceived", "context":{"id":"a4bffd20-14a5-4548-97cc-8fc1322c8157", "isDeleted:":"true", "version":"1728061800055"}}
{"logTime": "1121/082836", "correlationVector":"SUeMWj0slHFQ2CAUxD54Yc.81","action":"GetUpdates", "result":"DeleteReceived", "context":{"id":"dda384b6-6a0e-4fc0-aa16-92faa644357b", "isDeleted:":"true", "version":"1728061800056"}}
{"logTime": "1121/082836", "correlationVector":"SUeMWj0slHFQ2CAUxD54Yc.82","action":"GetUpdates", "result":"DeleteReceived", "context":{"id":"42c3456b-1f38-452a-b187-2b82ab6344d1", "isDeleted:":"true", "version":"1728061800057"}}
{"logTime": "1121/082836", "correlationVector":"SUeMWj0slHFQ2CAUxD54Yc.83","action":"GetUpdates", "result":"DeleteReceived", "context":{"id":"2b58734e-9efc-4e86-ba7f-5fc23cad9208", "isDeleted:":"true", "version":"1728061800058"}}
{"logTime": "1121/082836", "correlationVector":"SUeMWj0slHFQ2CAUxD54Yc.84","action":"GetUpdates", "result":"DeleteReceived", "context":{"id":"6fe9e0d7-4c20-46c8-acc4-0685844e59b3", "isDeleted:":"true", "version":"1728061800059"}}
{"logTime": "1121/082836", "correlationVector":"SUeMWj0slHFQ2CAUxD54Yc.85","action":"GetUpdates", "result":"DeleteReceived", "context":{"id":"255a43ee-0540-4285-8a1d-41d6cfc7fb24", "isDeleted:":"true", "version":"1728061800060"}}
{"logTime": "1121/082836", "correlationVector":"SUeMWj0slHFQ2CAUxD54Yc.86","action":"GetUpdates", "result":"DeleteReceived", "context":{"id":"5a331411-b6ed-4cea-9c59-87f989a47dbc", "isDeleted:":"true", "version":"1728061800061"}}
{"logTime": "1121/082836", "correlationVector":"SUeMWj0slHFQ2CAUxD54Yc.87","action":"GetUpdates", "result":"DeleteReceived", "context":{"id":"7995a42c-68d7-4b3b-9068-cc24c0ee30fa", "isDeleted:":"true", "version":"1728113808651"}}
{"logTime": "1121/082836", "correlationVector":"SUeMWj0slHFQ2CAUxD54Yc.88","action":"GetUpdates", "result":"DeleteReceived", "context":{"id":"7b6ebf91-20ab-4e70-a1f8-2a35ef41d0bb", "isDeleted:":"true", "version":"1728113808652"}}
{"logTime": "1121/082836", "correlationVector":"SUeMWj0slHFQ2CAUxD54Yc.89","action":"GetUpdates", "result":"DeleteReceived", "context":{"id":"61a4d4d6-dc06-435d-b2f7-f984d94770f8", "isDeleted:":"true", "version":"1728120631873"}}
{"logTime": "1121/082836", "correlationVector":"SUeMWj0slHFQ2CAUxD54Yc.90","action":"GetUpdates", "result":"DeleteReceived", "context":{"id":"6cd9c567-9795-4564-870e-54192461b639", "isDeleted:":"true", "version":"1729294705619"}}
{"logTime": "1121/082836", "correlationVector":"SUeMWj0slHFQ2CAUxD54Yc.91","action":"GetUpdates", "result":"DeleteReceived", "context":{"id":"fa791141-1e4f-47d9-b9fb-24c7ebf4c60a", "isDeleted:":"true", "version":"1729548605510"}}
{"logTime": "1121/082836", "correlationVector":"SUeMWj0slHFQ2CAUxD54Yc.92","action":"GetUpdates", "result":"DeleteReceived", "context":{"id":"3917221f-7cd6-4b24-a5f4-0a4560f382f2", "isDeleted:":"true", "version":"1729548605512"}}
{"logTime": "1121/082836", "correlationVector":"SUeMWj0slHFQ2CAUxD54Yc.93","action":"GetUpdates", "result":"DeleteReceived", "context":{"id":"1f1ab1e5-f76f-4377-a0cd-db7e230d3378", "isDeleted:":"true", "version":"1729548605513"}}
{"logTime": "1121/082836", "correlationVector":"SUeMWj0slHFQ2CAUxD54Yc.94","action":"GetUpdates", "result":"DeleteReceived", "context":{"id":"0cbd18b4-35e3-4f43-a71a-42e8d4e69fa2", "isDeleted:":"true", "version":"1729548605515"}}
{"logTime": "1121/082836", "correlationVector":"SUeMWj0slHFQ2CAUxD54Yc.95","action":"GetUpdates", "result":"DeleteReceived", "context":{"id":"76662edb-72aa-40fc-995d-4cfe9f45a14d", "isDeleted:":"true", "version":"1729593012529"}}
{"logTime": "1121/082836", "correlationVector":"SUeMWj0slHFQ2CAUxD54Yc.96","action":"GetUpdates", "result":"DeleteReceived", "context":{"id":"62398d8b-0d51-4503-a77b-66f3df063089", "isDeleted:":"true", "version":"1729593047372"}}
{"logTime": "1121/082836", "correlationVector":"SUeMWj0slHFQ2CAUxD54Yc.97","action":"GetUpdates", "result":"DeleteReceived", "context":{"id":"f40dd271-4a83-4111-b93d-8191f82752c4", "isDeleted:":"true", "version":"1729693087393"}}
{"logTime": "1121/082836", "correlationVector":"SUeMWj0slHFQ2CAUxD54Yc.98","action":"GetUpdates", "result":"DeleteReceived", "context":{"id":"33311dad-555d-4476-82b2-5c6e6df81d94", "isDeleted:":"true", "version":"1729693087394"}}
{"logTime": "1121/082836", "correlationVector":"SUeMWj0slHFQ2CAUxD54Yc.99","action":"GetUpdates", "result":"DeleteReceived", "context":{"id":"5657a195-92fe-4c45-bf4e-cd95fa64059e", "isDeleted:":"true", "version":"1729693168198"}}
{"logTime": "1121/082836", "correlationVector":"SUeMWj0slHFQ2CAUxD54Yc.100","action":"GetUpdates", "result":"DeleteReceived", "context":{"id":"2ea41469-e9b2-46fc-8600-85c278f910e2", "isDeleted:":"true", "version":"1729698791965"}}
{"logTime": "1121/082836", "correlationVector":"SUeMWj0slHFQ2CAUxD54Yc.101","action":"GetUpdates", "result":"DeleteReceived", "context":{"id":"5a85da7c-dc38-4f23-870f-7698de83f5ff", "isDeleted:":"true", "version":"1729803524947"}}
{"logTime": "1121/082836", "correlationVector":"SUeMWj0slHFQ2CAUxD54Yc.102","action":"GetUpdates", "result":"DeleteReceived", "context":{"id":"42b870c3-217e-435d-8d4f-6516e1597ac2", "isDeleted:":"true", "version":"1729803914187"}}
{"logTime": "1121/082836", "correlationVector":"SUeMWj0slHFQ2CAUxD54Yc.103","action":"GetUpdates", "result":"DeleteReceived", "context":{"id":"003a92e3-eef7-4305-a53a-afb3febd68eb", "isDeleted:":"true", "version":"1729804029331"}}
{"logTime": "1121/082836", "correlationVector":"SUeMWj0slHFQ2CAUxD54Yc.104","action":"GetUpdates", "result":"DeleteReceived", "context":{"id":"3e8a9f3b-2673-46ec-9e3a-793e1dccde98", "isDeleted:":"true", "version":"1729804304984"}}
{"logTime": "1121/082836", "correlationVector":"SUeMWj0slHFQ2CAUxD54Yc.105","action":"GetUpdates", "result":"DeleteReceived", "context":{"id":"d82fbaba-a23f-4d04-ba25-4629102fd9bd", "isDeleted:":"true", "version":"1729805568024"}}
{"logTime": "1121/082836", "correlationVector":"SUeMWj0slHFQ2CAUxD54Yc.106","action":"GetUpdates", "result":"DeleteReceived", "context":{"id":"30354b36-32d0-4d40-a4bf-c24cfd51cd73", "isDeleted:":"true", "version":"1729806208954"}}
{"logTime": "1121/082836", "correlationVector":"SUeMWj0slHFQ2CAUxD54Yc.107","action":"GetUpdates", "result":"DeleteReceived", "context":{"id":"94a2824c-52e0-48ef-95bf-f90c5dd49737", "isDeleted:":"true", "version":"1729808365931"}}
{"logTime": "1121/082836", "correlationVector":"SUeMWj0slHFQ2CAUxD54Yc.108","action":"GetUpdates", "result":"DeleteReceived", "context":{"id":"accea364-738c-4678-b001-19c4b3b48217", "isDeleted:":"true", "version":"1729808769802"}}
{"logTime": "1121/082836", "correlationVector":"SUeMWj0slHFQ2CAUxD54Yc.109","action":"GetUpdates", "result":"DeleteReceived", "context":{"id":"5e06df62-10de-48ba-afc7-9277fe294ed8", "isDeleted:":"true", "version":"1729809874411"}}
{"logTime": "1121/082836", "correlationVector":"SUeMWj0slHFQ2CAUxD54Yc.110","action":"GetUpdates", "result":"DeleteReceived", "context":{"id":"a0f6f2eb-a06b-48d6-850a-dd00b736e984", "isDeleted:":"true", "version":"1729810179963"}}
{"logTime": "1121/082836", "correlationVector":"SUeMWj0slHFQ2CAUxD54Yc.111","action":"GetUpdates", "result":"DeleteReceived", "context":{"id":"8e701842-eb10-4537-96dc-2857ae187bc9", "isDeleted:":"true", "version":"1729812698344"}}
{"logTime": "1121/082836", "correlationVector":"SUeMWj0slHFQ2CAUxD54Yc.112","action":"GetUpdates", "result":"DeleteReceived", "context":{"id":"068b67ae-9462-4aeb-87d9-aa1ed7057501", "isDeleted:":"true", "version":"1729813451892"}}
{"logTime": "1121/082836", "correlationVector":"SUeMWj0slHFQ2CAUxD54Yc.113","action":"GetUpdates", "result":"DeleteReceived", "context":{"id":"bcdbc763-5a19-48e4-9dda-4c0988e3c2fc", "isDeleted:":"true", "version":"1729852099106"}}
{"logTime": "1121/082836", "correlationVector":"SUeMWj0slHFQ2CAUxD54Yc.114","action":"GetUpdates", "result":"DeleteReceived", "context":{"id":"456363ad-f1e3-48ab-8b7c-4584b48b1465", "isDeleted:":"true", "version":"1729852650679"}}
{"logTime": "1121/082836", "correlationVector":"SUeMWj0slHFQ2CAUxD54Yc.115","action":"GetUpdates", "result":"DeleteReceived", "context":{"id":"8a39b5ed-89b1-4929-acb4-cd8484d0eb98", "isDeleted:":"true", "version":"1729853032125"}}
{"logTime": "1121/082836", "correlationVector":"SUeMWj0slHFQ2CAUxD54Yc.116","action":"GetUpdates", "result":"DeleteReceived", "context":{"id":"d64931c7-f06c-4da4-b043-43266240b9ab", "isDeleted:":"true", "version":"1729853169106"}}
{"logTime": "1121/082836", "correlationVector":"SUeMWj0slHFQ2CAUxD54Yc.117","action":"GetUpdates", "result":"DeleteReceived", "context":{"id":"1e461f0f-8828-4113-8a53-9f0603582722", "isDeleted:":"true", "version":"1729854189761"}}
{"logTime": "1121/082836", "correlationVector":"SUeMWj0slHFQ2CAUxD54Yc.118","action":"GetUpdates", "result":"DeleteReceived", "context":{"id":"296908f5-699a-4274-a804-75b110904f11", "isDeleted:":"true", "version":"1729854305788"}}
{"logTime": "1121/082836", "correlationVector":"SUeMWj0slHFQ2CAUxD54Yc.119","action":"GetUpdates", "result":"DeleteReceived", "context":{"id":"bd14630e-7857-485b-a470-7e9096889653", "isDeleted:":"true", "version":"1730098704075"}}
{"logTime": "1121/082836", "correlationVector":"SUeMWj0slHFQ2CAUxD54Yc.120","action":"GetUpdates Response", "result":"Success", "context":Received 250 update(s). cV=SUeMWj0slHFQ2CAUxD54Yc.0;server=GENERAL01000001;cloudType=Consumer;environment=Prod_WestEurope_000l;migrationStage=NotStarted Some updates remain.}
{"logTime": "1121/082836", "correlationVector":"XT197zrpfoD24/j3O0+pcz","action":"Initial GetUpdates", "result":"", "context":Reason: NEWLY_SUPPORTED_DATATYPE. cV=XT197zrpfoD24/j3O0+pcz}
{"logTime": "1121/082836", "correlationVector":"XT197zrpfoD24/j3O0+pcz.1","action":"SyncServerConnectionManagerRequest", "result":"SYNC_SERVER_OK", "context":{"environment":"Prod_WestEurope_000l", "migrationStage":"NotStarted", "server":"GENERAL0100000J"}}
{"logTime": "1121/082836", "correlationVector":"XT197zrpfoD24/j3O0+pcz.2","action":"GetUpdates", "result":"DeleteReceived", "context":{"id":"76a1f402-0e80-4d40-b1e9-1dc7a0a35e37", "isDeleted:":"true", "version":"1731149016355"}}
{"logTime": "1121/082836", "correlationVector":"XT197zrpfoD24/j3O0+pcz.3","action":"GetUpdates", "result":"DeleteReceived", "context":{"id":"cbd56b66-b0f2-4de2-acfc-f447242ee10a", "isDeleted:":"true", "version":"1730191504102"}}
{"logTime": "1121/082836", "correlationVector":"XT197zrpfoD24/j3O0+pcz.4","action":"GetUpdates", "result":"DeleteReceived", "context":{"id":"1d32d12c-eeb7-4d49-89fb-8f2396cf6af9", "isDeleted:":"true", "version":"1730191504104"}}
{"logTime": "1121/082836", "correlationVector":"XT197zrpfoD24/j3O0+pcz.5","action":"GetUpdates", "result":"DeleteReceived", "context":{"id":"70ab50e6-1d90-416b-8232-89f6e119670b", "isDeleted:":"true", "version":"1730191504105"}}
{"logTime": "1121/082836", "correlationVector":"XT197zrpfoD24/j3O0+pcz.6","action":"GetUpdates", "result":"DeleteReceived", "context":{"id":"54f9ef73-8322-4cc0-b9ba-df73e4f9719c", "isDeleted:":"true", "version":"1730191504106"}}
{"logTime": "1121/082836", "correlationVector":"XT197zrpfoD24/j3O0+pcz.7","action":"GetUpdates", "result":"DeleteReceived", "context":{"id":"b690e15e-23cd-464d-90c5-66e7436348b1", "isDeleted:":"true", "version":"1730191504107"}}
{"logTime": "1121/082836", "correlationVector":"XT197zrpfoD24/j3O0+pcz.8","action":"GetUpdates", "result":"DeleteReceived", "context":{"id":"5dcba224-24ed-468c-bad6-7a55cd6fba2b", "isDeleted:":"true", "version":"1730191504108"}}
{"logTime": "1121/082836", "correlationVector":"XT197zrpfoD24/j3O0+pcz.9","action":"GetUpdates", "result":"DeleteReceived", "context":{"id":"e7445997-4654-4e85-ad77-f77f11cf947f", "isDeleted:":"true", "version":"1730191504109"}}
{"logTime": "1121/082836", "correlationVector":"XT197zrpfoD24/j3O0+pcz.10","action":"GetUpdates", "result":"DeleteReceived", "context":{"id":"7721bd3c-e589-47cc-bfa4-2cc36f27e86c", "isDeleted:":"true", "version":"1730191504110"}}
{"logTime": "1121/082836", "correlationVector":"XT197zrpfoD24/j3O0+pcz.11","action":"GetUpdates", "result":"DeleteReceived", "context":{"id":"459caf57-0a96-42c4-8c1a-9b77901c8f48", "isDeleted:":"true", "version":"1730294900335"}}
{"logTime": "1121/082836", "correlationVector":"XT197zrpfoD24/j3O0+pcz.12","action":"GetUpdates", "result":"DeleteReceived", "context":{"id":"5384649d-cabe-42c0-952d-a558f73ada51", "isDeleted:":"true", "version":"1730915523935"}}
{"logTime": "1121/082836", "correlationVector":"XT197zrpfoD24/j3O0+pcz.13","action":"GetUpdates", "result":"DeleteReceived", "context":{"id":"6575c8a4-cd78-418f-8bc5-7fbecaae535d", "isDeleted:":"true", "version":"1730915523936"}}
{"logTime": "1121/082836", "correlationVector":"XT197zrpfoD24/j3O0+pcz.14","action":"GetUpdates", "result":"DeleteReceived", "context":{"id":"5fe48ce4-d028-4e58-a982-328bf98976c6", "isDeleted:":"true", "version":"1730997654861"}}
{"logTime": "1121/082836", "correlationVector":"XT197zrpfoD24/j3O0+pcz.15","action":"GetUpdates", "result":"DeleteReceived", "context":{"id":"2fc92477-527b-4d11-83ec-f75a76551738", "isDeleted:":"true", "version":"1731148834360"}}
{"logTime": "1121/082836", "correlationVector":"XT197zrpfoD24/j3O0+pcz.16","action":"GetUpdates", "result":"DeleteReceived", "context":{"id":"f5831f64-ccc8-49f7-89a5-c2a8bb5b5915", "isDeleted:":"true", "version":"1731149387474"}}
{"logTime": "1121/082836", "correlationVector":"XT197zrpfoD24/j3O0+pcz.17","action":"GetUpdates", "result":"DeleteReceived", "context":{"id":"56b9c75d-a96e-4d25-a34d-769f3faaafe0", "isDeleted:":"true", "version":"1731149387475"}}
{"logTime": "1121/082836", "correlationVector":"XT197zrpfoD24/j3O0+pcz.18","action":"GetUpdates", "result":"DeleteReceived", "context":{"id":"8691391f-4ba8-4674-abf5-7428464d66b4", "isDeleted:":"true", "version":"1731149387476"}}
{"logTime": "1121/082836", "correlationVector":"XT197zrpfoD24/j3O0+pcz.19","action":"GetUpdates", "result":"DeleteReceived", "context":{"id":"58227f47-5f97-47b6-b684-78921421e620", "isDeleted:":"true", "version":"1731149387477"}}
{"logTime": "1121/082836", "correlationVector":"XT197zrpfoD24/j3O0+pcz.20","action":"GetUpdates", "result":"DeleteReceived", "context":{"id":"83d2d0da-89b2-4184-8054-e14a75c3c272", "isDeleted:":"true", "version":"1731251282109"}}
{"logTime": "1121/082836", "correlationVector":"XT197zrpfoD24/j3O0+pcz.21","action":"GetUpdates", "result":"DeleteReceived", "context":{"id":"2db1545c-dfc2-4330-9a6e-d625ab4d1b1a", "isDeleted:":"true", "version":"1731251282110"}}
{"logTime": "1121/082836", "correlationVector":"XT197zrpfoD24/j3O0+pcz.22","action":"GetUpdates", "result":"DeleteReceived", "context":{"id":"124faf67-e4b4-418a-b79a-1feaa22465e8", "isDeleted:":"true", "version":"1731251282111"}}
{"logTime": "1121/082836", "correlationVector":"XT197zrpfoD24/j3O0+pcz.23","action":"GetUpdates", "result":"DeleteReceived", "context":{"id":"f47a1107-61d7-4536-8bb5-131bc14bb153", "isDeleted:":"true", "version":"1731251282112"}}
{"logTime": "1121/082836", "correlationVector":"XT197zrpfoD24/j3O0+pcz.24","action":"GetUpdates", "result":"DeleteReceived", "context":{"id":"bb5e9ff1-500e-44b8-9927-aba475ed407e", "isDeleted:":"true", "version":"1731251282113"}}
{"logTime": "1121/082836", "correlationVector":"XT197zrpfoD24/j3O0+pcz.25","action":"GetUpdates", "result":"DeleteReceived", "context":{"id":"5c9b9c53-b8f8-4214-bf50-c2c0702dc3e0", "isDeleted:":"true", "version":"1731257572236"}}
{"logTime": "1121/082836", "correlationVector":"XT197zrpfoD24/j3O0+pcz.26","action":"GetUpdates", "result":"DeleteReceived", "context":{"id":"74c17342-69eb-48fc-a98a-a27ce88a05b5", "isDeleted:":"true", "version":"1732031023857"}}
{"logTime": "1121/082836", "correlationVector":"XT197zrpfoD24/j3O0+pcz.27","action":"GetUpdates", "result":"DeleteReceived", "context":{"id":"1a916848-9c16-4309-99f0-212571b15e0a", "isDeleted:":"true", "version":"1732031023858"}}
{"logTime": "1121/082836", "correlationVector":"XT197zrpfoD24/j3O0+pcz.28","action":"GetUpdates", "result":"DeleteReceived", "context":{"id":"b4e46ad3-648b-461a-8af8-e0bf8104c0b5", "isDeleted:":"true", "version":"1732031023859"}}
{"logTime": "1121/082836", "correlationVector":"XT197zrpfoD24/j3O0+pcz.29","action":"GetUpdates", "result":"DeleteReceived", "context":{"id":"f419d88f-cd52-4d0c-b848-188d53dd0955", "isDeleted:":"true", "version":"1732031023860"}}
{"logTime": "1121/082836", "correlationVector":"XT197zrpfoD24/j3O0+pcz.30","action":"GetUpdates", "result":"DeleteReceived", "context":{"id":"5d19f568-5e40-43ae-912e-7448559642b2", "isDeleted:":"true", "version":"1732031023861"}}
{"logTime": "1121/082836", "correlationVector":"XT197zrpfoD24/j3O0+pcz.31","action":"GetUpdates", "result":"DeleteReceived", "context":{"id":"f5f7c5bb-8802-479d-9e07-e1d8b3a45f8c", "isDeleted:":"true", "version":"1732031023862"}}
{"logTime": "1121/082836", "correlationVector":"XT197zrpfoD24/j3O0+pcz.32","action":"GetUpdates", "result":"DeleteReceived", "context":{"id":"9992aaf6-df44-4834-ad79-bbcfa1fc5cb2", "isDeleted:":"true", "version":"1732031023863"}}
{"logTime": "1121/082836", "correlationVector":"XT197zrpfoD24/j3O0+pcz.33","action":"GetUpdates", "result":"DeleteReceived", "context":{"id":"e1f4551b-77f8-4de4-826d-d0463a0fcee8", "isDeleted:":"true", "version":"1732031023864"}}
{"logTime": "1121/082836", "correlationVector":"XT197zrpfoD24/j3O0+pcz.34","action":"GetUpdates", "result":"DeleteReceived", "context":{"id":"e1d89faa-7554-4dbf-84c3-f8e6b7bb4175", "isDeleted:":"true", "version":"1732031023865"}}
{"logTime": "1121/082836", "correlationVector":"XT197zrpfoD24/j3O0+pcz.35","action":"GetUpdates", "result":"DeleteReceived", "context":{"id":"7e8986dc-1e00-4446-86ee-21cb17c561c1", "isDeleted:":"true", "version":"1732031023866"}}
{"logTime": "1121/082836", "correlationVector":"XT197zrpfoD24/j3O0+pcz.36","action":"GetUpdates", "result":"DeleteReceived", "context":{"id":"0680a56f-ccc2-4b14-9ab6-762b10530d83", "isDeleted:":"true", "version":"1732086750192"}}
{"logTime": "1121/082836", "correlationVector":"XT197zrpfoD24/j3O0+pcz.37","action":"GetUpdates", "result":"DeleteReceived", "context":{"id":"cb5ae51e-5827-4cef-b551-8e53c15fcfbc", "isDeleted:":"true", "version":"1732086750193"}}
{"logTime": "1121/082836", "correlationVector":"XT197zrpfoD24/j3O0+pcz.38","action":"GetUpdates", "result":"DeleteReceived", "context":{"id":"59fc665e-04a8-4935-97fd-28e55997e661", "isDeleted:":"true", "version":"1731149016356"}}
{"logTime": "1121/082836", "correlationVector":"XT197zrpfoD24/j3O0+pcz.39","action":"GetUpdates", "result":"DeleteReceived", "context":{"id":"dd463528-c73b-4646-a89e-284d42078f34", "isDeleted:":"true", "version":"1731149016357"}}
{"logTime": "1121/082836", "correlationVector":"XT197zrpfoD24/j3O0+pcz.40","action":"GetUpdates", "result":"DeleteReceived", "context":{"id":"176cbc29-22df-42cb-bde6-820a2af22f60", "isDeleted:":"true", "version":"1731149016358"}}
{"logTime": "1121/082836", "correlationVector":"XT197zrpfoD24/j3O0+pcz.41","action":"GetUpdates", "result":"DeleteReceived", "context":{"id":"f56b057a-7fd2-4586-8d14-d45be7e9099f", "isDeleted:":"true", "version":"1731149016359"}}
{"logTime": "1121/082836", "correlationVector":"XT197zrpfoD24/j3O0+pcz.42","action":"GetUpdates", "result":"DeleteReceived", "context":{"id":"16033bfe-6eea-4443-8f65-76199c78f96a", "isDeleted:":"true", "version":"1731149016360"}}
{"logTime": "1121/082836", "correlationVector":"XT197zrpfoD24/j3O0+pcz.43","action":"GetUpdates", "result":"DeleteReceived", "context":{"id":"379a49d1-89e7-427c-bc88-917edd2c2c42", "isDeleted:":"true", "version":"1731149016361"}}
{"logTime": "1121/082836", "correlationVector":"XT197zrpfoD24/j3O0+pcz.44","action":"GetUpdates", "result":"DeleteReceived", "context":{"id":"a5a5735c-35ea-470c-8240-c8a27000f2d3", "isDeleted:":"true", "version":"1731149016362"}}
{"logTime": "1121/082836", "correlationVector":"XT197zrpfoD24/j3O0+pcz.45","action":"GetUpdates", "result":"DeleteReceived", "context":{"id":"486f41cc-4f9f-4744-982b-d770719a1ccb", "isDeleted:":"true", "version":"1731149016363"}}
{"logTime": "1121/082836", "correlationVector":"XT197zrpfoD24/j3O0+pcz.46","action":"GetUpdates", "result":"DeleteReceived", "context":{"id":"809d3bf8-eed8-4d03-8194-89eaa944bbff", "isDeleted:":"true", "version":"1731149016364"}}
{"logTime": "1121/082836", "correlationVector":"XT197zrpfoD24/j3O0+pcz.47","action":"GetUpdates", "result":"DeleteReceived", "context":{"id":"6a21bde2-9595-433a-add9-8281d19455f1", "isDeleted:":"true", "version":"1732031114495"}}
{"logTime": "1121/082836", "correlationVector":"XT197zrpfoD24/j3O0+pcz.48","action":"GetUpdates", "result":"DeleteReceived", "context":{"id":"e03602ed-c13f-44ad-bf10-106c7ca23825", "isDeleted:":"true", "version":"1732031114496"}}
{"logTime": "1121/082836", "correlationVector":"XT197zrpfoD24/j3O0+pcz.49","action":"GetUpdates", "result":"DeleteReceived", "context":{"id":"754200fe-2442-4827-8e32-c6682d7e07c9", "isDeleted:":"true", "version":"1732031114497"}}
{"logTime": "1121/082836", "correlationVector":"XT197zrpfoD24/j3O0+pcz.50","action":"GetUpdates", "result":"DeleteReceived", "context":{"id":"7d0d0de1-443a-42fd-992f-fab397b7f3d7", "isDeleted:":"true", "version":"1732031114498"}}
{"logTime": "1121/082836", "correlationVector":"XT197zrpfoD24/j3O0+pcz.51","action":"GetUpdates", "result":"DeleteReceived", "context":{"id":"4efe8829-eef0-4d4a-baf1-a2a62e441c0a", "isDeleted:":"true", "version":"1732031114499"}}
{"logTime": "1121/082836", "correlationVector":"XT197zrpfoD24/j3O0+pcz.52","action":"GetUpdates", "result":"DeleteReceived", "context":{"id":"031b5765-53d1-4917-b13f-8230289c013e", "isDeleted:":"true", "version":"1732031114500"}}
{"logTime": "1121/082836", "correlationVector":"XT197zrpfoD24/j3O0+pcz.53","action":"GetUpdates", "result":"DeleteReceived", "context":{"id":"8cf20abb-003a-4787-acdb-058c267991ab", "isDeleted:":"true", "version":"1732031114501"}}
{"logTime": "1121/082836", "correlationVector":"XT197zrpfoD24/j3O0+pcz.54","action":"GetUpdates", "result":"DeleteReceived", "context":{"id":"e04e0a9f-b8cf-4e80-8c9b-2d6b8c995716", "isDeleted:":"true", "version":"1732031114502"}}
{"logTime": "1121/082836", "correlationVector":"XT197zrpfoD24/j3O0+pcz.55","action":"GetUpdates", "result":"DeleteReceived", "context":{"id":"a0645361-df9d-41da-b167-5af9c73fad2d", "isDeleted:":"true", "version":"1732031114503"}}
{"logTime": "1121/082836", "correlationVector":"XT197zrpfoD24/j3O0+pcz.56","action":"GetUpdates", "result":"DeleteReceived", "context":{"id":"157e2411-bc51-48f9-8eb1-48a11e269773", "isDeleted:":"true", "version":"1732031114504"}}
{"logTime": "1121/082836", "correlationVector":"XT197zrpfoD24/j3O0+pcz.57","action":"GetUpdates", "result":"DeleteReceived", "context":{"id":"fe7caaed-d251-4f37-99f2-c1442b8c963a", "isDeleted:":"true", "version":"1732031114505"}}
{"logTime": "1121/082836", "correlationVector":"XT197zrpfoD24/j3O0+pcz.58","action":"GetUpdates", "result":"DeleteReceived", "context":{"id":"f6635770-c63f-4ef2-a60f-3faa66f576f6", "isDeleted:":"true", "version":"1732031114506"}}
{"logTime": "1121/082836", "correlationVector":"XT197zrpfoD24/j3O0+pcz.59","action":"GetUpdates", "result":"DeleteReceived", "context":{"id":"cda65d6e-8f12-4a13-8ad1-ef7e82676560", "isDeleted:":"true", "version":"1732031114507"}}
{"logTime": "1121/082836", "correlationVector":"XT197zrpfoD24/j3O0+pcz.60","action":"GetUpdates", "result":"DeleteReceived", "context":{"id":"6e66ffe1-1f16-4ac9-b87e-ed63d58da2b7", "isDeleted:":"true", "version":"1732031114508"}}
{"logTime": "1121/082836", "correlationVector":"XT197zrpfoD24/j3O0+pcz.61","action":"GetUpdates", "result":"DeleteReceived", "context":{"id":"ce700611-1882-4113-adb6-8c8daadc5281", "isDeleted:":"true", "version":"1732031114509"}}
{"logTime": "1121/082836", "correlationVector":"XT197zrpfoD24/j3O0+pcz.62","action":"GetUpdates", "result":"DeleteReceived", "context":{"id":"fceb5b10-9cef-42ca-9bd1-a4c97561ec1c", "isDeleted:":"true", "version":"1732031114510"}}
{"logTime": "1121/082836", "correlationVector":"XT197zrpfoD24/j3O0+pcz.63","action":"GetUpdates", "result":"DeleteReceived", "context":{"id":"7d62f4de-2d81-4747-bb8f-044d88194b4b", "isDeleted:":"true", "version":"1732031114511"}}
{"logTime": "1121/082836", "correlationVector":"XT197zrpfoD24/j3O0+pcz.64","action":"GetUpdates", "result":"DeleteReceived", "context":{"id":"e20d589f-8d3d-4f07-af24-fb9033976bfa", "isDeleted:":"true", "version":"1732031114512"}}
{"logTime": "1121/082837", "correlationVector":"XT197zrpfoD24/j3O0+pcz.65","action":"GetUpdates Response", "result":"Success", "context":Received 106 update(s). cV=XT197zrpfoD24/j3O0+pcz.0;server=GENERAL0100000J;cloudType=Consumer;environment=Prod_WestEurope_000l;migrationStage=NotStarted}
{"logTime": "1121/082837", "correlationVector":"N7xLxl2Lh7KSFvPiVvZSm3","action":"Normal GetUpdate request", "result":"", "context":cV=N7xLxl2Lh7KSFvPiVvZSm3
Nudged types: Typed URLs, Sessions, Device Info, User Consents
Refresh requested types: Bookmarks, Preferences, Passwords, Autofill Profiles, Autofill, Typed URLs, Extensions, Sessions, Extension settings, History Delete Directives, Device Info, User Consents, Send Tab To Self, Web Apps, Collection, Edge E Drop, Edge Hub App Usage, Edge Tab Group, Edge Wallet, Encryption Keys}
{"logTime": "1121/082837", "correlationVector":"N7xLxl2Lh7KSFvPiVvZSm3.1","action":"SyncServerConnectionManagerRequest", "result":"SYNC_SERVER_OK", "context":{"environment":"Prod_WestEurope_x00e", "migrationStage":"NotStarted", "server":"GENERAL0100001Q"}}
{"logTime": "1121/082837", "correlationVector":"N7xLxl2Lh7KSFvPiVvZSm3.2","action":"GetUpdates Response", "result":"Success", "context":Received 0 update(s). cV=N7xLxl2Lh7KSFvPiVvZSm3.0;server=GENERAL0100001Q;cloudType=Consumer;environment=Prod_WestEurope_x00e;migrationStage=NotStarted}
{"logTime": "1121/082841", "correlationVector":"JdAR1Ww+ZwxhZin9+5VIIK","action":"Commit Request", "result":"", "context":Item count: 7
Contributing types: Typed URLs, Sessions, Device Info, User Consents}
{"logTime": "1121/082841", "correlationVector":"JdAR1Ww+ZwxhZin9+5VIIK.1","action":"SyncServerConnectionManagerRequest", "result":"SYNC_SERVER_OK", "context":{"environment":"Prod_WestEurope_x00e", "migrationStage":"NotStarted", "server":"GENERAL0200002Z"}}
{"logTime": "1121/082841", "correlationVector":"JdAR1Ww+ZwxhZin9+5VIIK.2","action":"Commit Response", "result":"Success", "context":Result: Success. cV=JdAR1Ww+ZwxhZin9+5VIIK.0;server=GENERAL0200002Z;cloudType=Consumer;environment=Prod_WestEurope_x00e;migrationStage=NotStarted}
{"logTime": "1121/082914", "correlationVector":"ShWak88PCKDwedFi4Hd0Vs","action":"Commit Request", "result":"", "context":Item count: 2
Contributing types: Sessions, Edge Hub App Usage}
{"logTime": "1121/082914", "correlationVector":"ShWak88PCKDwedFi4Hd0Vs.1","action":"SyncServerConnectionManagerRequest", "result":"SYNC_SERVER_OK", "context":{"environment":"Prod_WestEurope_x00e", "migrationStage":"NotStarted", "server":"GENERAL02000013"}}
{"logTime": "1121/082914", "correlationVector":"ShWak88PCKDwedFi4Hd0Vs.2","action":"Commit Response", "result":"Success", "context":Result: Success. cV=ShWak88PCKDwedFi4Hd0Vs.0;server=GENERAL02000013;cloudType=Consumer;environment=Prod_WestEurope_x00e;migrationStage=NotStarted}
{"logTime": "1121/083045", "correlationVector":"oVG5VR8AIL5mio41z0a3bq","action":"Commit Request", "result":"", "context":Item count: 1
Contributing types: Sessions}
{"logTime": "1121/083046", "correlationVector":"oVG5VR8AIL5mio41z0a3bq.1","action":"SyncServerConnectionManagerRequest", "result":"SYNC_SERVER_OK", "context":{"environment":"Prod_WestEurope_000l", "migrationStage":"NotStarted", "server":"GENERAL0100001G"}}
{"logTime": "1121/083046", "correlationVector":"oVG5VR8AIL5mio41z0a3bq.2","action":"Commit Response", "result":"Success", "context":Result: Success. cV=oVG5VR8AIL5mio41z0a3bq.0;server=GENERAL0100001G;cloudType=Consumer;environment=Prod_WestEurope_000l;migrationStage=NotStarted}
{"logTime": "1121/083201", "correlationVector":"QnuzC26QQOjydWWYnQQQ+q.1","action":"SyncServerConnectionManagerRequest", "result":"SYNC_SERVER_OK", "context":{"environment":"Prod_NorthEurope_000h", "migrationStage":"NotStarted", "server":"GENERAL0100001N"}}
{"logTime": "1121/083203", "correlationVector":"lBpNGed65DPwRvlOLwLbfc","action":"SyncServerConnectionManagerRequest", "result":"SYNC_SERVER_OK", "context":{"environment":"", "migrationStage":"", "server":""}}
{"logTime": "1121/083203", "correlationVector":"QnuzC26QQOjydWWYnQQQ+q","action":"Initial GetUpdates", "result":"", "context":Reason: NEW_CLIENT. cV=QnuzC26QQOjydWWYnQQQ+q}
{"logTime": "1121/083203", "correlationVector":"QnuzC26QQOjydWWYnQQQ+q.2","action":"GetUpdates Response", "result":"Success", "context":Received 1 update(s). cV=QnuzC26QQOjydWWYnQQQ+q.0;server=GENERAL0100001N;cloudType=Consumer;environment=Prod_NorthEurope_000h;migrationStage=NotStarted}
{"logTime": "1121/083203", "correlationVector":"ODDe4ZuLNAM8JmwB3gbx8s","action":"Initial GetUpdates", "result":"", "context":Reason: NEWLY_SUPPORTED_DATATYPE. cV=ODDe4ZuLNAM8JmwB3gbx8s}
{"logTime": "1121/083204", "correlationVector":"ODDe4ZuLNAM8JmwB3gbx8s.1","action":"SyncServerConnectionManagerRequest", "result":"SYNC_SERVER_OK", "context":{"environment":"Prod_NorthEurope_000h", "migrationStage":"NotStarted", "server":"GENERAL0100001T"}}
{"logTime": "1121/083204", "correlationVector":"ODDe4ZuLNAM8JmwB3gbx8s.2","action":"GetUpdates Response", "result":"Success", "context":Received 36 update(s). cV=ODDe4ZuLNAM8JmwB3gbx8s.0;server=GENERAL0100001T;cloudType=Consumer;environment=Prod_NorthEurope_000h;migrationStage=NotStarted}
{"logTime": "1121/083218", "correlationVector":"RHhBECVqnALaeNbeb7+Qvg","action":"Normal GetUpdate request", "result":"", "context":cV=RHhBECVqnALaeNbeb7+Qvg
Nudged types: Sessions, Device Info
Refresh requested types: Bookmarks, Preferences, Passwords, Autofill Profiles, Autofill, Typed URLs, Extensions, Sessions, Extension settings, History Delete Directives, Device Info, User Consents, Send Tab To Self, Web Apps, Collection, Edge E Drop, Edge Hub App Usage, Edge Tab Group, Edge Wallet, Encryption Keys}
{"logTime": "1121/083218", "correlationVector":"RHhBECVqnALaeNbeb7+Qvg.1","action":"SyncServerConnectionManagerRequest", "result":"SYNC_SERVER_OK", "context":{"environment":"Prod_NorthEurope_000h", "migrationStage":"NotStarted", "server":"GENERAL0100001N"}}
{"logTime": "1121/083218", "correlationVector":"RHhBECVqnALaeNbeb7+Qvg.2","action":"GetUpdates Response", "result":"Success", "context":Received 6 update(s). cV=RHhBECVqnALaeNbeb7+Qvg.0;server=GENERAL0100001N;cloudType=Consumer;environment=Prod_NorthEurope_000h;migrationStage=NotStarted}
{"logTime": "1121/083219", "correlationVector":"c665UkGAtXsjJ+IOif9Nuv","action":"DoCompareDataConsistency requsted types: ", "result":"Bookmarks, Preferences, Passwords, Typed URLs, Extensions, Extension settings, History Delete Directives, Send Tab To Self, Web Apps, Collection, Edge E Drop, Edge Tab Group, Edge Wallet, Encryption Keys"}
{"logTime": "1121/083219", "correlationVector":"c665UkGAtXsjJ+IOif9Nuv.0","action":"CompareDataConsistency result: ", "result":"Compare result: Encryption Keys is consistent. local entities count is: 1 local entities hash is: qwuvcjpuQY4+4guEZHkouqgiFqw="}
{"logTime": "1121/083219", "correlationVector":"c665UkGAtXsjJ+IOif9Nuv.1","action":"CompareDataConsistency result: ", "result":"Compare result: Bookmarks is consistent. local entities count is: 59 local entities hash is: 7aO0lseN+fOmZNEF2zQPPdHCOEQ="}
{"logTime": "1121/083219", "correlationVector":"c665UkGAtXsjJ+IOif9Nuv.2","action":"CompareDataConsistency result: ", "result":"Compare result: Preferences is consistent. local entities count is: 75 local entities hash is: cPbAe/5Tj/9uyUL0KT68BW0PPvw="}
{"logTime": "1121/083219", "correlationVector":"c665UkGAtXsjJ+IOif9Nuv.3","action":"CompareDataConsistency result: ", "result":"Server did not send this Typed URLs local entities count is: 34 local entities hash is: uyE6g+2thF3w3bCuvaFY2PCIoNg="}
{"logTime": "1121/083219", "correlationVector":"c665UkGAtXsjJ+IOif9Nuv.4","action":"CompareDataConsistency result: ", "result":"Compare result: Extensions is consistent. local entities count is: 6 local entities hash is: jVekGkohaUIJ6c8AIoEuNAzfiBk="}
{"logTime": "1121/083219", "correlationVector":"c665UkGAtXsjJ+IOif9Nuv.5","action":"CompareDataConsistency result: ", "result":"Compare result: Extension settings is consistent. local entities count is: 1 local entities hash is: 6l0lqy+obgZ3dhqiteiAlm25DJM="}
{"logTime": "1121/083219", "correlationVector":"c665UkGAtXsjJ+IOif9Nuv.6","action":"CompareDataConsistency result: ", "result":"Compare result: History Delete Directives is consistent. local entities count is: 0 local entities hash is: "}
{"logTime": "1121/083219", "correlationVector":"c665UkGAtXsjJ+IOif9Nuv.7","action":"CompareDataConsistency result: ", "result":"Server did not send this Send Tab To Self local entities count is: 0 local entities hash is: "}
{"logTime": "1121/083219", "correlationVector":"c665UkGAtXsjJ+IOif9Nuv.8","action":"CompareDataConsistency result: ", "result":"Compare result: Web Apps is consistent. local entities count is: 4 local entities hash is: LlODtNFb996HIqt5vlalmRFQL8s="}
{"logTime": "1121/083219", "correlationVector":"c665UkGAtXsjJ+IOif9Nuv.9","action":"CompareDataConsistency result: ", "result":"Compare result: Collection is consistent. local entities count is: 0 local entities hash is: "}
{"logTime": "1121/083219", "correlationVector":"c665UkGAtXsjJ+IOif9Nuv.10","action":"CompareDataConsistency result: ", "result":"Compare result: Edge E Drop is consistent. local entities count is: 0 local entities hash is: "}
{"logTime": "1121/083219", "correlationVector":"c665UkGAtXsjJ+IOif9Nuv.11","action":"CompareDataConsistency result: ", "result":"Compare result: Edge Tab Group is consistent. local entities count is: 0 local entities hash is: "}
{"logTime": "1121/083219", "correlationVector":"c665UkGAtXsjJ+IOif9Nuv.12","action":"CompareDataConsistency result: ", "result":"Compare result: Edge Wallet is consistent. local entities count is: 0 local entities hash is: "}
{"logTime": "1121/083219", "correlationVector":"c665UkGAtXsjJ+IOif9Nuv.13","action":"CompareDataConsistency result: ", "result":"Compare result: Passwords is consistent. local entities count is: 36 local entities hash is: TENA3iO9eWMbPYHsiyn2/ktU2Lk="}
{"logTime": "1121/083219", "correlationVector":"gHOOWAFzZS0R5Rbgs/9cIc","action":"Commit Request", "result":"", "context":Item count: 4
Contributing types: Sessions, Device Info}
{"logTime": "1121/083220", "correlationVector":"gHOOWAFzZS0R5Rbgs/9cIc.1","action":"SyncServerConnectionManagerRequest", "result":"SYNC_SERVER_OK", "context":{"environment":"Prod_NorthEurope_000h", "migrationStage":"NotStarted", "server":"GENERAL0100001R"}}
{"logTime": "1121/083220", "correlationVector":"gHOOWAFzZS0R5Rbgs/9cIc.3","action":"Commit.Sessions", "result":"Success", "context":{"id":"3e90b3bd-cd45-4870-9ebf-0f4bd513cf4f", "isDeleted":"true", "size":"0", "version":"1732177845793"}}
{"logTime": "1121/083220", "correlationVector":"gHOOWAFzZS0R5Rbgs/9cIc.2","action":"Commit Response", "result":"Success", "context":Result: Success. cV=gHOOWAFzZS0R5Rbgs/9cIc.0;server=GENERAL0100001R;cloudType=Consumer;environment=Prod_NorthEurope_000h;migrationStage=NotStarted}
{"logTime": "1121/083220", "correlationVector":"","action":"DIAGNOSTIC_REQUEST|v1/diagnosticData/Diagnostic.SendCheckResult()|SUCCESS", "result":""}
{"logTime": "1121/083256", "correlationVector":"2SZioc8ztupt19Ux5754TH","action":"Commit Request", "result":"", "context":Item count: 1
Contributing types: Sessions}
{"logTime": "1121/083257", "correlationVector":"2SZioc8ztupt19Ux5754TH.1","action":"SyncServerConnectionManagerRequest", "result":"SYNC_SERVER_OK", "context":{"environment":"Prod_WestEurope_000l", "migrationStage":"NotStarted", "server":"GENERAL0100001C"}}
{"logTime": "1121/083257", "correlationVector":"2SZioc8ztupt19Ux5754TH.2","action":"Commit Response", "result":"Success", "context":Result: Success. cV=2SZioc8ztupt19Ux5754TH.0;server=GENERAL0100001C;cloudType=Consumer;environment=Prod_WestEurope_000l;migrationStage=NotStarted}
{"logTime": "1121/083701", "correlationVector":"cHBoRRPVDa5ZzFwcYyj5u3","action":"Normal GetUpdate request", "result":"", "context":cV=cHBoRRPVDa5ZzFwcYyj5u3
Refresh requested types: Bookmarks, Preferences, Passwords, Autofill Profiles, Autofill, Typed URLs, Extensions, Sessions, Extension settings, History Delete Directives, Device Info, User Consents, Send Tab To Self, Web Apps, Collection, Edge E Drop, Edge Hub App Usage, Edge Tab Group, Edge Wallet, Encryption Keys}
{"logTime": "1121/083702", "correlationVector":"cHBoRRPVDa5ZzFwcYyj5u3.1","action":"SyncServerConnectionManagerRequest", "result":"SYNC_SERVER_OK", "context":{"environment":"Prod_WestEurope_x00e", "migrationStage":"NotStarted", "server":"GENERAL02000033"}}
{"logTime": "1121/083702", "correlationVector":"cHBoRRPVDa5ZzFwcYyj5u3.2","action":"GetUpdates", "result":"DeleteReceived", "context":{"id":"3e90b3bd-cd45-4870-9ebf-0f4bd513cf4f", "isDeleted:":"true", "version":"1732177940144"}}
{"logTime": "1121/083702", "correlationVector":"cHBoRRPVDa5ZzFwcYyj5u3.3","action":"GetUpdates Response", "result":"Success", "context":Received 4 update(s). cV=cHBoRRPVDa5ZzFwcYyj5u3.0;server=GENERAL02000033;cloudType=Consumer;environment=Prod_WestEurope_x00e;migrationStage=NotStarted}
{"logTime": "1121/084353", "correlationVector":"pOy4O+eLuuCqfaVdWW1tXd","action":"Commit Request", "result":"", "context":Item count: 1
Contributing types: Sessions}
{"logTime": "1121/084354", "correlationVector":"pOy4O+eLuuCqfaVdWW1tXd.1","action":"SyncServerConnectionManagerRequest", "result":"SYNC_SERVER_OK", "context":{"environment":"Prod_WestEurope_x00e", "migrationStage":"NotStarted", "server":"GENERAL0200002B"}}
{"logTime": "1121/084354", "correlationVector":"pOy4O+eLuuCqfaVdWW1tXd.2","action":"Commit Response", "result":"Success", "context":Result: Success. cV=pOy4O+eLuuCqfaVdWW1tXd.0;server=GENERAL0200002B;cloudType=Consumer;environment=Prod_WestEurope_x00e;migrationStage=NotStarted}
